Using pre-set license
Built from '2020.3/staging' branch; Version is '2020.3.42f1 (7ade1201f527) revision 8052242'; Using compiler version '192528614'; Build Type 'Release'
OS: 'Windows 10  (10.0.19044) 64bit CoreSingleLanguage' Language: 'en' Physical Memory: 16235 MB
BatchMode: 1, IsHumanControllingUs: 0, StartBugReporterOnCrash: 0, Is64bit: 1, IsPro: 0

COMMAND LINE ARGUMENTS:
C:\Program Files\Unity\Hub\Editor\2020.3.42f1\Editor\Unity.exe
-adb2
-batchMode
-noUpm
-name
AssetImportWorker0
-projectPath
D:/Coding/StackMaker_DaoDuyThuong
-logFile
Logs/AssetImportWorker0.log
-srvPort
58905
Successfully changed project path to: D:/Coding/StackMaker_DaoDuyThuong
D:/Coding/StackMaker_DaoDuyThuong
Using Asset Import Pipeline V2.
Refreshing native plugins compatible for Editor in 214.34 ms, found 2 plugins.
Preloading 0 native plugins for Editor in 0.00 ms.
Initialize engine version: 2020.3.42f1 (7ade1201f527)
[Subsystems] Discovering subsystems at path C:/Program Files/Unity/Hub/Editor/2020.3.42f1/Editor/Data/Resources/UnitySubsystems
[Subsystems] Discovering subsystems at path D:/Coding/StackMaker_DaoDuyThuong/Assets
GfxDevice: creating device client; threaded=0
Direct3D:
    Version:  Direct3D 11.0 [level 11.1]
    Renderer: NVIDIA GeForce MX150 (ID=0x1d10)
    Vendor:   
    VRAM:     1983 MB
    Driver:   30.0.15.1169
Initialize mono
Mono path[0] = 'C:/Program Files/Unity/Hub/Editor/2020.3.42f1/Editor/Data/Managed'
Mono path[1] = 'C:/Program Files/Unity/Hub/Editor/2020.3.42f1/Editor/Data/MonoBleedingEdge/lib/mono/unityjit'
Mono config path = 'C:/Program Files/Unity/Hub/Editor/2020.3.42f1/Editor/Data/MonoBleedingEdge/etc'
Using monoOptions --debugger-agent=transport=dt_socket,embedding=1,server=y,suspend=n,address=127.0.0.1:56072
Begin MonoManager ReloadAssembly
Registering precompiled unity dll's ...
Register platform support module: C:/Program Files/Unity/Hub/Editor/2020.3.42f1/Editor/Data/PlaybackEngines/WindowsStandaloneSupport/UnityEditor.WindowsStandalone.Extensions.dll
Registered in 0.014378 seconds.
Native extension for WindowsStandalone target not found
Refreshing native plugins compatible for Editor in 188.96 ms, found 2 plugins.
Preloading 0 native plugins for Editor in 0.00 ms.
Mono: successfully reloaded assembly
- Completed reload, in  3.509 seconds
Domain Reload Profiling:
	ReloadAssembly (3510ms)
		BeginReloadAssembly (488ms)
			ExecutionOrderSort (0ms)
			DisableScriptedObjects (0ms)
			BackupInstance (0ms)
			ReleaseScriptingObjects (0ms)
			CreateAndSetChildDomain (2ms)
		EndReloadAssembly (2575ms)
			LoadAssemblies (458ms)
			RebuildTransferFunctionScriptingTraits (0ms)
			SetupTypeCache (968ms)
			ReleaseScriptCaches (0ms)
			RebuildScriptCaches (187ms)
			SetupLoadedEditorAssemblies (825ms)
				LogAssemblyErrors (0ms)
				InitializePlatformSupportModulesInManaged (22ms)
				SetLoadedEditorAssemblies (1ms)
				RefreshPlugins (189ms)
				BeforeProcessingInitializeOnLoad (38ms)
				ProcessInitializeOnLoadAttributes (427ms)
				ProcessInitializeOnLoadMethodAttributes (146ms)
				AfterProcessingInitializeOnLoad (0ms)
				EditorAssembliesLoaded (1ms)
			ExecutionOrderSort2 (0ms)
			AwakeInstancesAfterBackupRestoration (0ms)
Platform modules already initialized, skipping
Registering precompiled user dll's ...
Registered in 0.010825 seconds.
Begin MonoManager ReloadAssembly
Native extension for WindowsStandalone target not found
Refreshing native plugins compatible for Editor in 4.55 ms, found 2 plugins.
Preloading 0 native plugins for Editor in 0.00 ms.
Mono: successfully reloaded assembly
- Completed reload, in 67.739 seconds
Domain Reload Profiling:
	ReloadAssembly (67746ms)
		BeginReloadAssembly (3670ms)
			ExecutionOrderSort (0ms)
			DisableScriptedObjects (86ms)
			BackupInstance (0ms)
			ReleaseScriptingObjects (0ms)
			CreateAndSetChildDomain (529ms)
		EndReloadAssembly (49794ms)
			LoadAssemblies (3289ms)
			RebuildTransferFunctionScriptingTraits (1ms)
			SetupTypeCache (19124ms)
			ReleaseScriptCaches (2ms)
			RebuildScriptCaches (4939ms)
			SetupLoadedEditorAssemblies (14899ms)
				LogAssemblyErrors (0ms)
				InitializePlatformSupportModulesInManaged (146ms)
				SetLoadedEditorAssemblies (15ms)
				RefreshPlugins (5ms)
				BeforeProcessingInitializeOnLoad (2566ms)
				ProcessInitializeOnLoadAttributes (11430ms)
				ProcessInitializeOnLoadMethodAttributes (556ms)
				AfterProcessingInitializeOnLoad (180ms)
				EditorAssembliesLoaded (1ms)
			ExecutionOrderSort2 (0ms)
			AwakeInstancesAfterBackupRestoration (204ms)
Platform modules already initialized, skipping
========================================================================
Worker process is ready to serve import requests
Launched and connected shader compiler UnityShaderCompiler.exe after 0.82 seconds
Refreshing native plugins compatible for Editor in 1.32 ms, found 2 plugins.
Preloading 0 native plugins for Editor in 0.00 ms.
Unloading 1488 Unused Serialized files (Serialized files now loaded: 0)
System memory in use before: 69.4 MB.
System memory in use after: 69.4 MB.

Unloading 17 unused Assets to reduce memory usage. Loaded Objects now: 1928.
Total: 47.028400 ms (FindLiveObjects: 0.350300 ms CreateObjectMapping: 0.184300 ms MarkObjects: 46.169700 ms  DeleteObjects: 0.315900 ms)

AssetImportParameters requested are different than current active one (requested -> active):
  custom:framework-win-MediaFoundation: 216162199b28c13a410421893ffa2e32 -> 
  custom:video-decoder-ogg-theora: a1e56fd34408186e4bbccfd4996cb3dc -> 
  custom:container-muxer-webm: aa71ff27fc2769a1b78a27578f13a17b -> 
  custom:container-demuxer-webm: 4f35f7cbe854078d1ac9338744f61a02 -> 
  custom:container-demuxer-ogg: 62fdf1f143b41e24485cea50d1cbac27 -> 
  custom:video-encoder-webm-vp8: eb34c28f22e8b96e1ab97ce403110664 -> 
  custom:video-decoder-webm-vp8: 9c59270c3fd7afecdb556c50c9e8de78 -> 
  custom:audio-decoder-ogg-vorbis: bf7c407c2cedff20999df2af8eb42d56 -> 
  custom:audio-encoder-webm-vorbis: bf7c407c2cedff20999df2af8eb42d56 -> 
========================================================================
Received Import Request.
  path: Assets/_Game/_MazeMakerAssets/Resources/Prefab/Pivote_Unbrick.prefab
  artifactKey: Guid(50c7535320f786d4286d60ca5630d31b) Importer(815301076,1909f56bfc062723c751e8b465ee728b)
Start importing Assets/_Game/_MazeMakerAssets/Resources/Prefab/Pivote_Unbrick.prefab using Guid(50c7535320f786d4286d60ca5630d31b) Importer(815301076,1909f56bfc062723c751e8b465ee728b)  -> (artifact id: 'a22d9b4b20aa3b70ad766c6b5ffdf358') in 1.984303 seconds 
========================================================================
Received Import Request.
  Time since last request: 0.000611 seconds.
  path: Assets/_Game/_MazeMakerAssets/Resources/Prefab/Pivote_Brick.prefab
  artifactKey: Guid(f206ccc114e101b4dafffd4915d4a812) Importer(815301076,1909f56bfc062723c751e8b465ee728b)
Start importing Assets/_Game/_MazeMakerAssets/Resources/Prefab/Pivote_Brick.prefab using Guid(f206ccc114e101b4dafffd4915d4a812) Importer(815301076,1909f56bfc062723c751e8b465ee728b)  -> (artifact id: '32843669dd8309bf3d0eabc442733ad2') in 0.184056 seconds 
========================================================================
Received Import Request.
  Time since last request: 0.001897 seconds.
  path: Assets/_Game/_MazeMakerAssets/Resources/Prefab/Pivote_Wall.prefab
  artifactKey: Guid(680fafd85c16f024192891099b1460ee) Importer(815301076,1909f56bfc062723c751e8b465ee728b)
Start importing Assets/_Game/_MazeMakerAssets/Resources/Prefab/Pivote_Wall.prefab using Guid(680fafd85c16f024192891099b1460ee) Importer(815301076,1909f56bfc062723c751e8b465ee728b)  -> (artifact id: '5dceeca8899f6fcbc03521eb902f9309') in 0.132286 seconds 
========================================================================
Received Import Request.
  Time since last request: 1185.956230 seconds.
  path: Assets/_Game/_MazeMakerAssets/Resources/Prefab/Pivot_Push.prefab
  artifactKey: Guid(58bccaa9158f7ae4089c8a8ccd023a65) Importer(815301076,1909f56bfc062723c751e8b465ee728b)
Start importing Assets/_Game/_MazeMakerAssets/Resources/Prefab/Pivot_Push.prefab using Guid(58bccaa9158f7ae4089c8a8ccd023a65) Importer(815301076,1909f56bfc062723c751e8b465ee728b)  -> (artifact id: 'e05f3afb19853fca97023b22239f3525') in 0.087361 seconds 
========================================================================
Received Import Request.
  Time since last request: 4.936528 seconds.
  path: Assets/_Game/_MazeMakerAssets/Resources/Prefab/Push.prefab
  artifactKey: Guid(ffe76fcc801f5c140b17312e673abed7) Importer(815301076,1909f56bfc062723c751e8b465ee728b)
Start importing Assets/_Game/_MazeMakerAssets/Resources/Prefab/Push.prefab using Guid(ffe76fcc801f5c140b17312e673abed7) Importer(815301076,1909f56bfc062723c751e8b465ee728b)  -> (artifact id: 'b2f1730bbe58734ebcf000d37142ebab') in 0.026677 seconds 
========================================================================
Received Import Request.
  Time since last request: 2.238090 seconds.
  path: Assets/_Game/_MazeMakerAssets/Resources/Prefab/Line.prefab
  artifactKey: Guid(2b1b6fa84e1873741b6c2efda43c58ef) Importer(815301076,1909f56bfc062723c751e8b465ee728b)
Start importing Assets/_Game/_MazeMakerAssets/Resources/Prefab/Line.prefab using Guid(2b1b6fa84e1873741b6c2efda43c58ef) Importer(815301076,1909f56bfc062723c751e8b465ee728b)  -> (artifact id: '6ee89f15bf32db9b61d598c42643d019') in 0.030726 seconds 
========================================================================
Received Import Request.
  Time since last request: 23.083654 seconds.
  path: Assets/_Game/_MazeMakerAssets/Resources/Prefab/White.prefab
  artifactKey: Guid(d755cee1094bb6a48ab2a168d33fd112) Importer(815301076,1909f56bfc062723c751e8b465ee728b)
Start importing Assets/_Game/_MazeMakerAssets/Resources/Prefab/White.prefab using Guid(d755cee1094bb6a48ab2a168d33fd112) Importer(815301076,1909f56bfc062723c751e8b465ee728b)  -> (artifact id: 'd7f94993b87b73d1e1e0f267849c60ba') in 0.035171 seconds 
========================================================================
Received Import Request.
  Time since last request: 1.172776 seconds.
  path: Assets/_Game/_MazeMakerAssets/Resources/Prefab/win.prefab
  artifactKey: Guid(ee26d09d0d6a554409b01b1c40753952) Importer(815301076,1909f56bfc062723c751e8b465ee728b)
Start importing Assets/_Game/_MazeMakerAssets/Resources/Prefab/win.prefab using Guid(ee26d09d0d6a554409b01b1c40753952) Importer(815301076,1909f56bfc062723c751e8b465ee728b)  -> (artifact id: 'b861d6523fe31db12ee354f76be5bb14') in 0.028354 seconds 
========================================================================
Received Import Request.
  Time since last request: 1.159581 seconds.
  path: Assets/_Game/_MazeMakerAssets/Resources/Prefab/winpos.prefab
  artifactKey: Guid(bec8fbf23e70b4f42b574dddd6681a4c) Importer(815301076,1909f56bfc062723c751e8b465ee728b)
Start importing Assets/_Game/_MazeMakerAssets/Resources/Prefab/winpos.prefab using Guid(bec8fbf23e70b4f42b574dddd6681a4c) Importer(815301076,1909f56bfc062723c751e8b465ee728b)  -> (artifact id: 'add07a2790a05d12b1851b63caf7663e') in 0.131684 seconds 
========================================================================
Received Import Request.
  Time since last request: 315.494830 seconds.
  path: Assets/Scenes/Level2.unity
  artifactKey: Guid(948623ba57ab04f4295d49df13336f02) Importer(815301076,1909f56bfc062723c751e8b465ee728b)
Start importing Assets/Scenes/Level2.unity using Guid(948623ba57ab04f4295d49df13336f02) Importer(815301076,1909f56bfc062723c751e8b465ee728b)  -> (artifact id: '7640d21df2086ccdce01a0b4e60b0db4') in 0.015145 seconds 
========================================================================
Received Import Request.
  Time since last request: 272.864283 seconds.
  path: Assets/Scenes/Level1.unity
  artifactKey: Guid(9fc0d4010bbf28b4594072e72b8655ab) Importer(815301076,1909f56bfc062723c751e8b465ee728b)
Start importing Assets/Scenes/Level1.unity using Guid(9fc0d4010bbf28b4594072e72b8655ab) Importer(815301076,1909f56bfc062723c751e8b465ee728b)  -> (artifact id: '2f87d200d52e2313e72e2547b5dd6e90') in 0.010645 seconds 
========================================================================
Received Import Request.
  Time since last request: 325.710067 seconds.
  path: Assets/Scenes/Level2.unity
  artifactKey: Guid(948623ba57ab04f4295d49df13336f02) Importer(815301076,1909f56bfc062723c751e8b465ee728b)
Start importing Assets/Scenes/Level2.unity using Guid(948623ba57ab04f4295d49df13336f02) Importer(815301076,1909f56bfc062723c751e8b465ee728b)  -> (artifact id: '59efb90abb9ebe34f9986b6e67cf5ae8') in 0.013990 seconds 
========================================================================
Received Import Request.
  Time since last request: 8424.763361 seconds.
  path: Assets/Scenes/Level2.unity
  artifactKey: Guid(948623ba57ab04f4295d49df13336f02) Importer(815301076,1909f56bfc062723c751e8b465ee728b)
Start importing Assets/Scenes/Level2.unity using Guid(948623ba57ab04f4295d49df13336f02) Importer(815301076,1909f56bfc062723c751e8b465ee728b)  -> (artifact id: 'cc364fc529f8446836750fa1575e7b04') in 0.007060 seconds 
========================================================================
Received Import Request.
  Time since last request: 1077.264657 seconds.
  path: Assets/_Game/_MazeMakerAssets/AnimationClip
  artifactKey: Guid(6964dbca5beabf3479b0ade4b18a37e5) Importer(815301076,1909f56bfc062723c751e8b465ee728b)
Start importing Assets/_Game/_MazeMakerAssets/AnimationClip using Guid(6964dbca5beabf3479b0ade4b18a37e5) Importer(815301076,1909f56bfc062723c751e8b465ee728b)  -> (artifact id: '62827dc64f33f038ee750ff39840465f') in 0.006972 seconds 
========================================================================
Received Import Request.
  Time since last request: 1.632058 seconds.
  path: Assets/_Game/_MazeMakerAssets/AnimationClip/btnHuXi.anim
  artifactKey: Guid(b9a2619a2af4960488df1f118d8c6f8f) Importer(815301076,1909f56bfc062723c751e8b465ee728b)
Start importing Assets/_Game/_MazeMakerAssets/AnimationClip/btnHuXi.anim using Guid(b9a2619a2af4960488df1f118d8c6f8f) Importer(815301076,1909f56bfc062723c751e8b465ee728b)  -> (artifact id: 'b4c5ac1f2d6cfdcb2d88831024b5520b') in 0.012522 seconds 
========================================================================
Received Import Request.
  Time since last request: 8.739638 seconds.
  path: Assets/_Game/_MazeMakerAssets/AnimationClip/Take zhuanjiao.anim
  artifactKey: Guid(2cbffa9e4d432d040a1232bdb88c42f4) Importer(815301076,1909f56bfc062723c751e8b465ee728b)
Start importing Assets/_Game/_MazeMakerAssets/AnimationClip/Take zhuanjiao.anim using Guid(2cbffa9e4d432d040a1232bdb88c42f4) Importer(815301076,1909f56bfc062723c751e8b465ee728b)  -> (artifact id: '13672663c3cb450f79f285e3bcba447b') in 0.007943 seconds 
========================================================================
Received Import Request.
  Time since last request: 0.967002 seconds.
  path: Assets/_Game/_MazeMakerAssets/AnimationClip/Take 04.anim
  artifactKey: Guid(8610587155c46ed4090ac17e3f424f3c) Importer(815301076,1909f56bfc062723c751e8b465ee728b)
Start importing Assets/_Game/_MazeMakerAssets/AnimationClip/Take 04.anim using Guid(8610587155c46ed4090ac17e3f424f3c) Importer(815301076,1909f56bfc062723c751e8b465ee728b)  -> (artifact id: 'c8734945f89c1ba6c3d73ef1fb476628') in 0.013525 seconds 
========================================================================
Received Import Request.
  Time since last request: 0.628680 seconds.
  path: Assets/_Game/_MazeMakerAssets/AnimationClip/Take 3.anim
  artifactKey: Guid(4a63516f3200f914e9dded2389ed4cc2) Importer(815301076,1909f56bfc062723c751e8b465ee728b)
Start importing Assets/_Game/_MazeMakerAssets/AnimationClip/Take 3.anim using Guid(4a63516f3200f914e9dded2389ed4cc2) Importer(815301076,1909f56bfc062723c751e8b465ee728b)  -> (artifact id: '5a826007546d37e6d4ab426adb62df53') in 0.040312 seconds 
========================================================================
Received Import Request.
  Time since last request: 0.618302 seconds.
  path: Assets/_Game/_MazeMakerAssets/AnimationClip/Take 03.anim
  artifactKey: Guid(07a30b9ee2b49db47a46f78a4b4f9e0e) Importer(815301076,1909f56bfc062723c751e8b465ee728b)
Start importing Assets/_Game/_MazeMakerAssets/AnimationClip/Take 03.anim using Guid(07a30b9ee2b49db47a46f78a4b4f9e0e) Importer(815301076,1909f56bfc062723c751e8b465ee728b)  -> (artifact id: 'a2e4635447b553ce39ef3cf33aa5bf07') in 0.012393 seconds 
========================================================================
Received Import Request.
  Time since last request: 0.550289 seconds.
  path: Assets/_Game/_MazeMakerAssets/AnimationClip/Take 002.anim
  artifactKey: Guid(9b736af6321929d46a35c8bffa7b5e42) Importer(815301076,1909f56bfc062723c751e8b465ee728b)
Start importing Assets/_Game/_MazeMakerAssets/AnimationClip/Take 002.anim using Guid(9b736af6321929d46a35c8bffa7b5e42) Importer(815301076,1909f56bfc062723c751e8b465ee728b)  -> (artifact id: '07d256a7e09a3f0f316b3f379f33756b') in 0.007761 seconds 
========================================================================
Received Import Request.
  Time since last request: 1.291897 seconds.
  path: Assets/_Game/_MazeMakerAssets/AnimationClip/Take 001.anim
  artifactKey: Guid(993855c8561e61d4fa2944719ad3d874) Importer(815301076,1909f56bfc062723c751e8b465ee728b)
Start importing Assets/_Game/_MazeMakerAssets/AnimationClip/Take 001.anim using Guid(993855c8561e61d4fa2944719ad3d874) Importer(815301076,1909f56bfc062723c751e8b465ee728b)  -> (artifact id: '5316f58df41bc53520a3bfc6bc78e1e4') in 0.008965 seconds 
========================================================================
Received Import Request.
  Time since last request: 0.534447 seconds.
  path: Assets/_Game/_MazeMakerAssets/AnimationClip/lg01.anim
  artifactKey: Guid(9d0c62dcb078806479e82895e323c00c) Importer(815301076,1909f56bfc062723c751e8b465ee728b)
Start importing Assets/_Game/_MazeMakerAssets/AnimationClip/lg01.anim using Guid(9d0c62dcb078806479e82895e323c00c) Importer(815301076,1909f56bfc062723c751e8b465ee728b)  -> (artifact id: '8eba86caf2d5f0f1a5d7d8bdcb246d49') in 0.007855 seconds 
========================================================================
Received Import Request.
  Time since last request: 0.697531 seconds.
  path: Assets/_Game/_MazeMakerAssets/AnimationClip/Diamond Animation.anim
  artifactKey: Guid(83bf37b2d68073d40864a30b013e2557) Importer(815301076,1909f56bfc062723c751e8b465ee728b)
Start importing Assets/_Game/_MazeMakerAssets/AnimationClip/Diamond Animation.anim using Guid(83bf37b2d68073d40864a30b013e2557) Importer(815301076,1909f56bfc062723c751e8b465ee728b)  -> (artifact id: 'acd827d73ad5b57d21f185f81fd330a9') in 0.007276 seconds 
========================================================================
Received Import Request.
  Time since last request: 0.715075 seconds.
  path: Assets/_Game/_MazeMakerAssets/AnimationClip/cs01.anim
  artifactKey: Guid(8d74444a29e7c97428781953b475a19d) Importer(815301076,1909f56bfc062723c751e8b465ee728b)
Start importing Assets/_Game/_MazeMakerAssets/AnimationClip/cs01.anim using Guid(8d74444a29e7c97428781953b475a19d) Importer(815301076,1909f56bfc062723c751e8b465ee728b)  -> (artifact id: '67dfad663c22d3a96ec805d04d57b50c') in 0.008301 seconds 
AssetImportWorkerClient::OnTransportError - code=2 error=End of file
